2021-03-09 09:06:07,946 [Worker-6: Loading available Gradle versions] INFO  o.e.b.c.i.u.g.PublishedGradleVersions - Gradle version information cache is out-of-date. Trying to update.
2021-03-09 09:08:40,263 [Worker-3: Enabling Maven Dependency Management] INFO  o.e.m.c.i.l.LifecycleMappingFactory - Using org.eclipse.m2e.jdt.JarLifecycleMapping lifecycle mapping for MavenProject: JunitPractice:JunitPractice:0.0.1-SNAPSHOT @ /Users/bluesquarez/Desktop/TTS/Themes/Springboot/JunitPractice/JunitPractice/pom.xml.
2021-03-09 09:08:41,223 [Worker-1: Building] WARN  o.e.m.c.i.embedder.EclipseLogger - Using platform encoding (UTF-8 actually) to copy filtered resources, i.e. build is platform dependent!
2021-03-09 09:08:41,224 [Worker-1: Building] INFO  o.e.m.c.i.embedder.EclipseLogger - skip non existing resourceDirectory /Users/bluesquarez/Desktop/TTS/Themes/Springboot/JunitPractice/JunitPractice/src/main/resources
2021-03-09 09:08:41,228 [Worker-1: Building] WARN  o.e.m.c.i.embedder.EclipseLogger - Using platform encoding (UTF-8 actually) to copy filtered resources, i.e. build is platform dependent!
2021-03-09 09:08:41,229 [Worker-1: Building] INFO  o.e.m.c.i.embedder.EclipseLogger - skip non existing resourceDirectory /Users/bluesquarez/Desktop/TTS/Themes/Springboot/JunitPractice/JunitPractice/src/test/resources
2021-03-09 09:08:41,245 [Worker-3: Enabling Maven Dependency Management] INFO  o.e.m.j.i.AbstractJavaProjectConfigurator - Adding source folder /JunitPractice/src
2021-03-09 09:08:41,246 [Worker-3: Enabling Maven Dependency Management] INFO  o.e.m.j.i.AbstractJavaProjectConfigurator - Not adding source folder /JunitPractice/src/test/java because it overlaps with /JunitPractice/src
2021-03-09 09:08:41,492 [Worker-3: Enabling Maven Dependency Management] INFO  o.e.m.c.i.p.ProjectConfigurationManager - Update started
2021-03-09 09:08:41,872 [Worker-3: Enabling Maven Dependency Management] INFO  o.e.m.c.i.l.LifecycleMappingFactory - Using org.eclipse.m2e.jdt.JarLifecycleMapping lifecycle mapping for MavenProject: JunitPractice:JunitPractice:0.0.1-SNAPSHOT @ /Users/bluesquarez/Desktop/TTS/Themes/Springboot/JunitPractice/JunitPractice/pom.xml.
2021-03-09 09:08:42,313 [Worker-12: Building] WARN  o.e.m.c.i.embedder.EclipseLogger - Using platform encoding (UTF-8 actually) to copy filtered resources, i.e. build is platform dependent!
2021-03-09 09:08:42,315 [Worker-12: Building] INFO  o.e.m.c.i.embedder.EclipseLogger - skip non existing resourceDirectory /Users/bluesquarez/Desktop/TTS/Themes/Springboot/JunitPractice/JunitPractice/src/main/resources
2021-03-09 09:08:42,317 [Worker-12: Building] WARN  o.e.m.c.i.embedder.EclipseLogger - Using platform encoding (UTF-8 actually) to copy filtered resources, i.e. build is platform dependent!
2021-03-09 09:08:42,318 [Worker-12: Building] INFO  o.e.m.c.i.embedder.EclipseLogger - skip non existing resourceDirectory /Users/bluesquarez/Desktop/TTS/Themes/Springboot/JunitPractice/JunitPractice/src/test/resources
2021-03-09 09:08:42,534 [Worker-3: Enabling Maven Dependency Management] INFO  o.e.m.j.i.AbstractJavaProjectConfigurator - Adding source folder /JunitPractice/src
2021-03-09 09:08:42,535 [Worker-3: Enabling Maven Dependency Management] INFO  o.e.m.j.i.AbstractJavaProjectConfigurator - Not adding source folder /JunitPractice/src/test/java because it overlaps with /JunitPractice/src
2021-03-09 09:08:42,569 [Worker-3: Enabling Maven Dependency Management] INFO  o.e.m.c.i.p.ProjectConfigurationManager - Update completed: 1 sec
2021-03-09 09:08:43,545 [Worker-3: Building] WARN  o.e.m.c.i.embedder.EclipseLogger - Using platform encoding (UTF-8 actually) to copy filtered resources, i.e. build is platform dependent!
2021-03-09 09:08:43,550 [Worker-3: Building] INFO  o.e.m.c.i.embedder.EclipseLogger - skip non existing resourceDirectory /Users/bluesquarez/Desktop/TTS/Themes/Springboot/JunitPractice/JunitPractice/src/main/resources
2021-03-09 09:08:43,552 [Worker-3: Building] WARN  o.e.m.c.i.embedder.EclipseLogger - Using platform encoding (UTF-8 actually) to copy filtered resources, i.e. build is platform dependent!
2021-03-09 09:08:43,556 [Worker-3: Building] INFO  o.e.m.c.i.embedder.EclipseLogger - skip non existing resourceDirectory /Users/bluesquarez/Desktop/TTS/Themes/Springboot/JunitPractice/JunitPractice/src/test/resources
2021-03-09 09:12:34,120 [Worker-3: Building] INFO  o.e.m.c.i.l.LifecycleMappingFactory - Using org.eclipse.m2e.jdt.JarLifecycleMapping lifecycle mapping for MavenProject: JunitPractice:JunitPractice:0.0.1-SNAPSHOT @ /Users/bluesquarez/Desktop/TTS/Themes/Springboot/JunitPractice/JunitPractice/pom.xml.
